
  .   ____          _            __ _ _
 /\\ / ___'_ __ _ _(_)_ __  __ _ \ \ \ \
( ( )\___ | '_ | '_| | '_ \/ _` | \ \ \ \
 \\/  ___)| |_)| | | | | || (_| |  ) ) ) )
  '  |____| .__|_| |_|_| |_\__, | / / / /
 =========|_|==============|___/=/_/_/_/
 :: Spring Boot ::                (v3.2.0)

2026-03-18T13:48:31.843+05:30  INFO 18628 --- [           main] com.medicare.MediCareSecureApplication   : Starting MediCareSecureApplication v1.0.0 using Java 17.0.12 with PID 18628 (C:\Users\syedh\OneDrive\Desktop\java_mini\medicare-v2\medicare-v2\target\medicare-secure-1.0.0.jar started by syedh in C:\Users\syedh\OneDrive\Desktop\java_mini\medicare-v2\medicare-v2)
2026-03-18T13:48:31.856+05:30  INFO 18628 --- [           main] com.medicare.MediCareSecureApplication   : No active profile set, falling back to 1 default profile: "default"
2026-03-18T13:48:34.067+05:30  INFO 18628 --- [           main] .s.d.r.c.RepositoryConfigurationDelegate : Bootstrapping Spring Data JPA repositories in DEFAULT mode.
2026-03-18T13:48:34.204+05:30  INFO 18628 --- [           main] .s.d.r.c.RepositoryConfigurationDelegate : Finished Spring Data repository scanning in 115 ms. Found 7 JPA repository interfaces.
2026-03-18T13:48:35.632+05:30  INFO 18628 --- [           main] o.s.b.w.embedded.tomcat.TomcatWebServer  : Tomcat initialized with port 8080 (http)
2026-03-18T13:48:35.659+05:30  INFO 18628 --- [           main] o.apache.catalina.core.StandardService   : Starting service [Tomcat]
2026-03-18T13:48:35.659+05:30  INFO 18628 --- [           main] o.apache.catalina.core.StandardEngine    : Starting Servlet engine: [Apache Tomcat/10.1.16]
2026-03-18T13:48:35.769+05:30  INFO 18628 --- [           main] o.a.c.c.C.[Tomcat].[localhost].[/]       : Initializing Spring embedded WebApplicationContext
2026-03-18T13:48:35.771+05:30  INFO 18628 --- [           main] w.s.c.ServletWebServerApplicationContext : Root WebApplicationContext: initialization completed in 3690 ms
2026-03-18T13:48:36.119+05:30  INFO 18628 --- [           main] o.hibernate.jpa.internal.util.LogHelper  : HHH000204: Processing PersistenceUnitInfo [name: default]
2026-03-18T13:48:36.331+05:30  INFO 18628 --- [           main] org.hibernate.Version                    : HHH000412: Hibernate ORM core version 6.3.1.Final
2026-03-18T13:48:36.430+05:30  INFO 18628 --- [           main] o.h.c.internal.RegionFactoryInitiator    : HHH000026: Second-level cache disabled
2026-03-18T13:48:37.105+05:30  INFO 18628 --- [           main] o.s.o.j.p.SpringPersistenceUnitInfo      : No LoadTimeWeaver setup: ignoring JPA class transformer
2026-03-18T13:48:37.168+05:30  INFO 18628 --- [           main] com.zaxxer.hikari.HikariDataSource       : HikariPool-1 - Starting...
2026-03-18T13:48:37.584+05:30  INFO 18628 --- [           main] com.zaxxer.hikari.pool.HikariPool        : HikariPool-1 - Added connection com.mysql.cj.jdbc.ConnectionImpl@547aaa32
2026-03-18T13:48:37.588+05:30  INFO 18628 --- [           main] com.zaxxer.hikari.HikariDataSource       : HikariPool-1 - Start completed.
2026-03-18T13:48:39.616+05:30  INFO 18628 --- [           main] o.h.e.t.j.p.i.JtaPlatformInitiator       : HHH000489: No JTA platform available (set 'hibernate.transaction.jta.platform' to enable JTA platform integration)
2026-03-18T13:48:39.796+05:30  INFO 18628 --- [           main] j.LocalContainerEntityManagerFactoryBean : Initialized JPA EntityManagerFactory for persistence unit 'default'
2026-03-18T13:48:40.607+05:30  INFO 18628 --- [           main] o.s.d.j.r.query.QueryEnhancerFactory     : Hibernate is in classpath; If applicable, HQL parser will be used.
2026-03-18T13:48:42.236+05:30  WARN 18628 --- [           main] JpaBaseConfiguration$JpaWebConfiguration : spring.jpa.open-in-view is enabled by default. Therefore, database queries may be performed during view rendering. Explicitly configure spring.jpa.open-in-view to disable this warning
2026-03-18T13:48:42.970+05:30  INFO 18628 --- [           main] o.s.s.web.DefaultSecurityFilterChain     : Will secure any request with [org.springframework.security.web.session.DisableEncodeUrlFilter@7a970f, org.springframework.security.web.context.request.async.WebAsyncManagerIntegrationFilter@32549c2d, org.springframework.security.web.context.SecurityContextHolderFilter@2fcf1d27, org.springframework.security.web.header.HeaderWriterFilter@2baf9cd4, org.springframework.web.filter.CorsFilter@4aed4ff, org.springframework.security.web.csrf.CsrfFilter@231d7386, org.springframework.security.web.authentication.logout.LogoutFilter@5312c883, org.springframework.security.web.authentication.UsernamePasswordAuthenticationFilter@50dcc20a, org.springframework.security.web.session.ConcurrentSessionFilter@7db4c883, org.springframework.security.web.savedrequest.RequestCacheAwareFilter@5fa73f3a, org.springframework.security.web.servletapi.SecurityContextHolderAwareRequestFilter@484a91f5, org.springframework.security.web.authentication.AnonymousAuthenticationFilter@2220910, org.springframework.security.web.session.SessionManagementFilter@174e79f9, org.springframework.security.web.access.ExceptionTranslationFilter@5c936b5f, org.springframework.security.web.access.intercept.AuthorizationFilter@38a147ba]
2026-03-18T13:48:43.461+05:30  INFO 18628 --- [           main] o.s.b.w.embedded.tomcat.TomcatWebServer  : Tomcat started on port 8080 (http) with context path ''
2026-03-18T13:48:43.485+05:30  INFO 18628 --- [           main] com.medicare.MediCareSecureApplication   : Started MediCareSecureApplication in 12.559 seconds (process running for 13.46)
2026-03-18T13:48:43.675+05:30  INFO 18628 --- [nio-8080-exec-1] o.a.c.c.C.[Tomcat].[localhost].[/]       : Initializing Spring DispatcherServlet 'dispatcherServlet'
2026-03-18T13:48:43.675+05:30  INFO 18628 --- [nio-8080-exec-1] o.s.web.servlet.DispatcherServlet        : Initializing Servlet 'dispatcherServlet'
2026-03-18T13:48:43.679+05:30  INFO 18628 --- [nio-8080-exec-1] o.s.web.servlet.DispatcherServlet        : Completed initialization in 4 ms
2026-03-18T13:48:43.728+05:30  WARN 18628 --- [nio-8080-exec-1] o.s.w.s.h.HandlerMappingIntrospector     : Cache miss for REQUEST dispatch to '/admin/dashboard' (previous null). Performing CorsConfiguration lookup. This is logged once only at WARN level, and every time at TRACE.
2026-03-18T13:48:43.790+05:30  WARN 18628 --- [nio-8080-exec-1] o.s.w.s.h.HandlerMappingIntrospector     : Cache miss for REQUEST dispatch to '/admin/dashboard' (previous null). Performing MatchableHandlerMapping lookup. This is logged once only at WARN level, and every time at TRACE.
Admin password reset: admin@nullgrids-care.com / Admin@123
